<?xml version="1.0" encoding="UTF-8"?>
<!-- Generated by org.testng.reporters.JUnitXMLReporter -->
<testsuite ignored="3" hostname="LAPTOP-5M0SOMV8" failures="0" tests="1" name="Test(failed)(failed)" time="0.103" errors="0" timestamp="2022-06-27T14:30:27 IST">
  <testcase classname="grouping.MyTestClass1" name="a" time="0.024"/>
  <testcase classname="grouping.MyTestClass1" name="b" time="0.0">
    <ignored/>
  </testcase> <!-- b -->
  <testcase classname="grouping.MyTestClass1" name="c" time="0.0">
    <ignored/>
  </testcase> <!-- c -->
  <testcase classname="grouping.MyTestClass1" name="d" time="0.0">
    <ignored/>
  </testcase> <!-- d -->
</testsuite> <!-- Test(failed)(failed) -->
