<?xml version="1.0" encoding="UTF-8"?>
<!-- Generated by org.testng.reporters.JUnitXMLReporter -->
<testsuite ignored="3" hostname="LAPTOP-5M0SOMV8" failures="1" tests="1" name="Test(failed)" time="0.062" errors="0" timestamp="2022-06-27T14:26:57 IST">
  <testcase classname="grouping.MyTestClass1" name="a" time="0.011">
    <failure type="java.lang.AssertionError" message="null">
      <![CDATA[java.lang.AssertionError: null
at grouping.MyTestClass1.a(MyTestClass1.java:12)
at java.base/java.util.ArrayList.forEach(ArrayList.java:1541)
... Removed 29 stack frames]]>
    </failure>
  </testcase> <!-- a -->
  <testcase classname="grouping.MyTestClass1" name="b" time="0.0">
    <ignored/>
  </testcase> <!-- b -->
  <testcase classname="grouping.MyTestClass1" name="c" time="0.0">
    <ignored/>
  </testcase> <!-- c -->
  <testcase classname="grouping.MyTestClass1" name="d" time="0.0">
    <ignored/>
  </testcase> <!-- d -->
</testsuite> <!-- Test(failed) -->
